build/app/intermediates/manifest_merge_blame_file/release/manifest-merger-blame-release-report.txt
1<?xml version="1.0" encoding="utf-8"?>
2<manifest xmlns:android="http://schemas.android.com/apk/res/android"
3    package="com.exfai.exfai"
4    android:versionCode="4001"
5    android:versionName="1.0.0" >
6
7    <uses-sdk
8        android:minSdkVersion="21"
8-->src\main\AndroidManifest.xml
9        android:targetSdkVersion="33" />
9-->src\main\AndroidManifest.xml
10
11    <uses-permission android:name="android.permission.INTERNET" />
11-->src\main\AndroidManifest.xml:46:10-71
11-->src\main\AndroidManifest.xml:46:27-69
12    <uses-permission android:name="android.permission.ACCESS_NETWORK_STATE" />
12-->src\main\AndroidManifest.xml:47:9-82
12-->src\main\AndroidManifest.xml:47:26-80
13    <uses-permission
13-->src\main\AndroidManifest.xml:48:9-84
14        android:name="android.permission.WRITE_EXTERNAL_STORAGE"
14-->src\main\AndroidManifest.xml:48:26-82
15        android:maxSdkVersion="32" />
15-->[:image_pickers] AndroidManifest.xml:16:9-35
16    <uses-permission
16-->src\main\AndroidManifest.xml:49:9-83
17        android:name="android.permission.READ_EXTERNAL_STORAGE"
17-->src\main\AndroidManifest.xml:49:26-81
18        android:maxSdkVersion="32" />
18-->[:image_pickers] AndroidManifest.xml:13:9-35
19    <uses-permission android:name="android.permission.CAMERA" />
19-->src\main\AndroidManifest.xml:50:9-68
19-->src\main\AndroidManifest.xml:50:26-66
20    <uses-permission android:name="android.permission.RECORD_AUDIO" />
20-->src\main\AndroidManifest.xml:51:9-74
20-->src\main\AndroidManifest.xml:51:26-72
21    <uses-permission android:name="android.permission.MODIFY_AUDIO_SETTINGS" />
21-->src\main\AndroidManifest.xml:52:9-83
21-->src\main\AndroidManifest.xml:52:26-81
22    <uses-permission android:name="android.permission.READ_PHONE_STATE" />
22-->src\main\AndroidManifest.xml:53:9-78
22-->src\main\AndroidManifest.xml:53:26-76
23    <uses-permission android:name="android.permission.ACCESS_WIFI_STATE" />
23-->src\main\AndroidManifest.xml:54:9-79
23-->src\main\AndroidManifest.xml:54:26-77
24    <uses-permission android:name="android.permission.CHANGE_WIFI_STATE" />
24-->src\main\AndroidManifest.xml:55:9-79
24-->src\main\AndroidManifest.xml:55:26-77
25    <uses-permission android:name="android.permission.ACCESS_COARSE_LOCATION" />
25-->src\main\AndroidManifest.xml:56:9-84
25-->src\main\AndroidManifest.xml:56:26-82
26    <uses-permission android:name="android.permission.ACCESS_FINE_LOCATION" />
26-->src\main\AndroidManifest.xml:57:9-82
26-->src\main\AndroidManifest.xml:57:26-80
27    <uses-permission android:name="android.permission.ACCESS_FINE_LOCATION" />
27-->src\main\AndroidManifest.xml:57:9-82
27-->src\main\AndroidManifest.xml:57:26-80
28    <uses-permission android:name="android.permission.ACCESS_COARSE_LOCATION" />
28-->src\main\AndroidManifest.xml:56:9-84
28-->src\main\AndroidManifest.xml:56:26-82
29    <uses-permission android:name="android.permission.ACCESS_BACKGROUND_LOCATION" />
29-->src\main\AndroidManifest.xml:62:9-89
29-->src\main\AndroidManifest.xml:62:26-86
30    <uses-permission android:name="android.permission.WAKE_LOCK" /> <!-- Permissions options for the `notification` group -->
30-->[:firebase_messaging] AndroidManifest.xml:10:5-68
30-->[:firebase_messaging] AndroidManifest.xml:10:22-65
31    <uses-permission android:name="android.permission.POST_NOTIFICATIONS" />
31-->[:firebase_messaging] AndroidManifest.xml:13:5-77
31-->[:firebase_messaging] AndroidManifest.xml:13:22-74
32    <uses-permission android:name="android.permission.FOREGROUND_SERVICE" />
32-->[:geolocator_android] AndroidManifest.xml:9:5-77
32-->[:geolocator_android] AndroidManifest.xml:9:22-74
33    <uses-permission android:name="android.permission.RECEIVE_BOOT_COMPLETED" />
33-->[:flutter_local_notifications] AndroidManifest.xml:9:5-81
33-->[:flutter_local_notifications] AndroidManifest.xml:9:22-78
34    <uses-permission android:name="android.permission.VIBRATE" />
34-->[:flutter_local_notifications] AndroidManifest.xml:10:5-66
34-->[:flutter_local_notifications] AndroidManifest.xml:10:22-63
35    <uses-permission android:name="android.permission.USE_FULL_SCREEN_INTENT" />
35-->[:flutter_local_notifications] AndroidManifest.xml:11:5-81
35-->[:flutter_local_notifications] AndroidManifest.xml:11:22-78
36    <uses-permission android:name="android.permission.SCHEDULE_EXACT_ALARM" />
36-->[:flutter_local_notifications] AndroidManifest.xml:12:5-79
36-->[:flutter_local_notifications] AndroidManifest.xml:12:22-76
37    <uses-permission android:name="android.permission.READ_MEDIA_IMAGES" />
37-->[:image_pickers] AndroidManifest.xml:18:5-76
37-->[:image_pickers] AndroidManifest.xml:18:22-73
38    <uses-permission android:name="android.permission.READ_MEDIA_VIDEO" />
38-->[:image_pickers] AndroidManifest.xml:19:5-75
38-->[:image_pickers] AndroidManifest.xml:19:22-72
39
40    <queries package="com.exfai.exfai" >
40-->[:image_pickers] AndroidManifest.xml:22:5-31:15
40-->[:image_pickers] AndroidManifest.xml:22:14-40
41        <intent>
41-->[:image_pickers] AndroidManifest.xml:23:9-26:18
42            <action android:name="android.media.action.IMAGE_CAPTURE" >
42-->[:image_pickers] AndroidManifest.xml:24:13-25:22
42-->[:image_pickers] AndroidManifest.xml:24:21-70
43            </action>
44        </intent>
45        <intent>
45-->[:image_pickers] AndroidManifest.xml:27:9-30:18
46            <action android:name="android.media.action.ACTION_VIDEO_CAPTURE" >
46-->[:image_pickers] AndroidManifest.xml:28:13-29:22
46-->[:image_pickers] AndroidManifest.xml:28:21-77
47            </action>
48        </intent>
49        <!-- Needs to be explicitly declared on Android R+ -->
50        <package android:name="com.google.android.apps.maps" />
50-->[com.google.android.gms:play-services-maps:18.1.0] AndroidManifest.xml:33:9-64
50-->[com.google.android.gms:play-services-maps:18.1.0] AndroidManifest.xml:33:18-61
51    </queries>
52
53    <uses-feature
53-->[com.google.android.gms:play-services-maps:18.1.0] AndroidManifest.xml:26:5-28:35
54        android:glEsVersion="0x00020000"
54-->[com.google.android.gms:play-services-maps:18.1.0] AndroidManifest.xml:27:9-41
55        android:required="true" /> <!-- Required by older versions of Google Play services to create IID tokens -->
55-->[com.google.android.gms:play-services-maps:18.1.0] AndroidManifest.xml:28:9-32
56    <uses-permission android:name="com.google.android.c2dm.permission.RECEIVE" />
56-->[com.google.firebase:firebase-messaging:23.1.2] AndroidManifest.xml:28:5-82
56-->[com.google.firebase:firebase-messaging:23.1.2] AndroidManifest.xml:28:22-79
57
58    <permission
58-->[androidx.core:core:1.9.0] AndroidManifest.xml:22:5-24:47
59        android:name="com.exfai.exfai.DYNAMIC_RECEIVER_NOT_EXPORTED_PERMISSION"
59-->[androidx.core:core:1.9.0] AndroidManifest.xml:23:9-81
60        android:protectionLevel="signature" />
60-->[androidx.core:core:1.9.0] AndroidManifest.xml:24:9-44
61
62    <uses-permission android:name="com.exfai.exfai.DYNAMIC_RECEIVER_NOT_EXPORTED_PERMISSION" /> <!-- Don't require camera, as this requires a rear camera. This allows it to work on the Nexus 7 -->
62-->[androidx.core:core:1.9.0] AndroidManifest.xml:26:5-97
62-->[androidx.core:core:1.9.0] AndroidManifest.xml:26:22-94
63    <uses-feature
63-->[com.journeyapps:zxing-android-embedded:4.3.0] AndroidManifest.xml:25:5-27:36
64        android:name="android.hardware.camera"
64-->[com.journeyapps:zxing-android-embedded:4.3.0] AndroidManifest.xml:26:9-47
65        android:required="false" />
65-->[com.journeyapps:zxing-android-embedded:4.3.0] AndroidManifest.xml:27:9-33
66    <uses-feature
66-->[com.journeyapps:zxing-android-embedded:4.3.0] AndroidManifest.xml:28:5-30:36
67        android:name="android.hardware.camera.front"
67-->[com.journeyapps:zxing-android-embedded:4.3.0] AndroidManifest.xml:29:9-53
68        android:required="false" /> <!-- TODO replace above two with next line after Android 4.2 -->
68-->[com.journeyapps:zxing-android-embedded:4.3.0] AndroidManifest.xml:30:9-33
69    <!-- <uses-feature android:name="android.hardware.camera.any"/> -->
70    <uses-feature
70-->[com.journeyapps:zxing-android-embedded:4.3.0] AndroidManifest.xml:33:5-35:36
71        android:name="android.hardware.camera.autofocus"
71-->[com.journeyapps:zxing-android-embedded:4.3.0] AndroidManifest.xml:34:9-57
72        android:required="false" />
72-->[com.journeyapps:zxing-android-embedded:4.3.0] AndroidManifest.xml:35:9-33
73    <uses-feature
73-->[com.journeyapps:zxing-android-embedded:4.3.0] AndroidManifest.xml:36:5-38:36
74        android:name="android.hardware.camera.flash"
74-->[com.journeyapps:zxing-android-embedded:4.3.0] AndroidManifest.xml:37:9-53
75        android:required="false" />
75-->[com.journeyapps:zxing-android-embedded:4.3.0] AndroidManifest.xml:38:9-33
76    <uses-feature
76-->[com.journeyapps:zxing-android-embedded:4.3.0] AndroidManifest.xml:39:5-41:36
77        android:name="android.hardware.screen.landscape"
77-->[com.journeyapps:zxing-android-embedded:4.3.0] AndroidManifest.xml:40:9-57
78        android:required="false" />
78-->[com.journeyapps:zxing-android-embedded:4.3.0] AndroidManifest.xml:41:9-33
79    <uses-feature
79-->[com.journeyapps:zxing-android-embedded:4.3.0] AndroidManifest.xml:42:5-44:36
80        android:name="android.hardware.wifi"
80-->[com.journeyapps:zxing-android-embedded:4.3.0] AndroidManifest.xml:43:9-45
81        android:required="false" />
81-->[com.journeyapps:zxing-android-embedded:4.3.0] AndroidManifest.xml:44:9-33
82
83    <application
84        android:name="android.app.Application"
84-->src\main\AndroidManifest.xml:5:9-42
85        android:appComponentFactory="androidx.core.app.CoreComponentFactory"
85-->[androidx.core:core:1.9.0] AndroidManifest.xml:28:18-86
86        android:icon="@mipmap/ic_launcher"
86-->src\main\AndroidManifest.xml:6:9-43
87        android:label="Exfai"
87-->src\main\AndroidManifest.xml:4:9-30
88        android:networkSecurityConfig="@xml/net_sec"
88-->[:image_pickers] AndroidManifest.xml:34:9-53
89        android:requestLegacyExternalStorage="true" >
89-->[:image_pickers] AndroidManifest.xml:35:9-52
90        <activity
90-->src\main\AndroidManifest.xml:7:9-39:20
91            android:name="com.exfai.exfai.MainActivity"
91-->src\main\AndroidManifest.xml:8:13-41
92            android:configChanges="orientation|keyboardHidden|keyboard|screenSize|smallestScreenSize|locale|layoutDirection|fontScale|screenLayout|density|uiMode"
92-->src\main\AndroidManifest.xml:12:13-163
93            android:exported="true"
93-->src\main\AndroidManifest.xml:9:13-36
94            android:hardwareAccelerated="true"
94-->src\main\AndroidManifest.xml:13:13-47
95            android:launchMode="singleTop"
95-->src\main\AndroidManifest.xml:10:13-43
96            android:theme="@style/LaunchTheme"
96-->src\main\AndroidManifest.xml:11:13-47
97            android:windowSoftInputMode="adjustResize" >
97-->src\main\AndroidManifest.xml:14:13-55
98
99            <!--
100                 Specifies an Android theme to apply to this Activity as soon as
101                 the Android process has started. This theme is visible to the user
102                 while the Flutter UI initializes. After that, this theme continues
103                 to determine the Window background behind the Flutter UI.
104            -->
105            <meta-data
105-->src\main\AndroidManifest.xml:19:13-22:17
106                android:name="io.flutter.embedding.android.NormalTheme"
106-->src\main\AndroidManifest.xml:20:15-70
107                android:resource="@style/NormalTheme" />
107-->src\main\AndroidManifest.xml:21:15-52
108            <meta-data
108-->src\main\AndroidManifest.xml:23:16-24:73
109                android:name="com.google.android.geo.API_KEY"
109-->src\main\AndroidManifest.xml:23:27-72
110                android:value="AIzaSyAERKSFYMxdSR6mrMmgyesmQOr8miAFd4c" />
110-->src\main\AndroidManifest.xml:24:16-71
111            <!-- android:value="AIzaSyD-9tSrke72PouQMnMX-a7eZSW0jkFMBWYAIzaSyD-9tSrke72PouQMnMX-a7eZSW0jkFMBWY"/> -->
112            <!-- android:value="AIzaSyBzk7UVq9oV2sgEBXs7KsIPUVKPIbwttiI"/> -->
113
114
115            <!-- android:value="AIzaSyCfXnfJAD4JnbM5JjF8zRD4HxW_0cc1MLU"/> -->
116            <!-- <meta-data android:name="com.google.android.maps.v2.API_KEY" android:value="AIzaSyDrHKl8IxB4cGXIoELXQOzzZwiH1xtsRf4"/> -->
117            <!-- android:value="AIzaSyAERKSFYMxdSR6mrMmgyesmQOr8miAFd4c" /> -->
118
119
120            <!-- <meta-data android:name="com.google.android.geo.API_KEY" android:value="AIzaSyD-9tSrke72PouQMnMX-a7eZSW0jkFMBWY"/> -->
121
122            <intent-filter>
122-->src\main\AndroidManifest.xml:35:13-38:29
123                <action android:name="android.intent.action.MAIN" />
123-->src\main\AndroidManifest.xml:36:17-68
123-->src\main\AndroidManifest.xml:36:25-66
124
125                <category android:name="android.intent.category.LAUNCHER" />
125-->src\main\AndroidManifest.xml:37:17-76
125-->src\main\AndroidManifest.xml:37:27-74
126            </intent-filter>
127        </activity>
128        <!--
129             Don't delete the meta-data below.
130             This is used by the Flutter tool to generate GeneratedPluginRegistrant.java
131        -->
132        <meta-data
132-->src\main\AndroidManifest.xml:42:9-44:33
133            android:name="flutterEmbedding"
133-->src\main\AndroidManifest.xml:43:13-44
134            android:value="2" />
134-->src\main\AndroidManifest.xml:44:13-30
135
136        <service
136-->[:cloud_firestore] AndroidManifest.xml:10:9-14:19
137            android:name="com.google.firebase.components.ComponentDiscoveryService"
137-->[:cloud_firestore] AndroidManifest.xml:10:18-89
138            android:directBootAware="true"
138-->[com.google.firebase:firebase-common:20.3.2] AndroidManifest.xml:34:13-43
139            android:exported="false" >
139-->[com.google.firebase:firebase-firestore:24.6.0] AndroidManifest.xml:18:13-37
140            <meta-data
140-->[:cloud_firestore] AndroidManifest.xml:11:13-13:85
141                android:name="com.google.firebase.components:io.flutter.plugins.firebase.firestore.FlutterFirebaseFirestoreRegistrar"
141-->[:cloud_firestore] AndroidManifest.xml:12:17-134
142                android:value="com.google.firebase.components.ComponentRegistrar" />
142-->[:cloud_firestore] AndroidManifest.xml:13:17-82
143            <meta-data
143-->[:firebase_messaging] AndroidManifest.xml:38:13-40:85
144                android:name="com.google.firebase.components:io.flutter.plugins.firebase.messaging.FlutterFirebaseAppRegistrar"
144-->[:firebase_messaging] AndroidManifest.xml:39:17-128
145                android:value="com.google.firebase.components.ComponentRegistrar" />
145-->[:firebase_messaging] AndroidManifest.xml:40:17-82
146            <meta-data
146-->[:firebase_core] AndroidManifest.xml:11:13-13:85
147                android:name="com.google.firebase.components:io.flutter.plugins.firebase.core.FlutterFirebaseCoreRegistrar"
147-->[:firebase_core] AndroidManifest.xml:12:17-124
148                android:value="com.google.firebase.components.ComponentRegistrar" />
148-->[:firebase_core] AndroidManifest.xml:13:17-82
149            <meta-data
149-->[com.google.firebase:firebase-firestore:24.6.0] AndroidManifest.xml:19:13-21:85
150                android:name="com.google.firebase.components:com.google.firebase.firestore.FirestoreRegistrar"
150-->[com.google.firebase:firebase-firestore:24.6.0] AndroidManifest.xml:20:17-111
151                android:value="com.google.firebase.components.ComponentRegistrar" />
151-->[com.google.firebase:firebase-firestore:24.6.0] AndroidManifest.xml:21:17-82
152            <meta-data
152-->[com.google.firebase:firebase-messaging:23.1.2] AndroidManifest.xml:55:13-57:85
153                android:name="com.google.firebase.components:com.google.firebase.messaging.FirebaseMessagingRegistrar"
153-->[com.google.firebase:firebase-messaging:23.1.2] AndroidManifest.xml:56:17-119
154                android:value="com.google.firebase.components.ComponentRegistrar" />
154-->[com.google.firebase:firebase-messaging:23.1.2] AndroidManifest.xml:57:17-82
155            <meta-data
155-->[com.google.firebase:firebase-iid:21.1.0] AndroidManifest.xml:32:13-34:85
156                android:name="com.google.firebase.components:com.google.firebase.iid.Registrar"
156-->[com.google.firebase:firebase-iid:21.1.0] AndroidManifest.xml:33:17-96
157                android:value="com.google.firebase.components.ComponentRegistrar" />
157-->[com.google.firebase:firebase-iid:21.1.0] AndroidManifest.xml:34:17-82
158            <meta-data
158-->[com.google.firebase:firebase-installations:17.1.3] AndroidManifest.xml:17:13-19:85
159                android:name="com.google.firebase.components:com.google.firebase.installations.FirebaseInstallationsRegistrar"
159-->[com.google.firebase:firebase-installations:17.1.3] AndroidManifest.xml:18:17-127
160                android:value="com.google.firebase.components.ComponentRegistrar" />
160-->[com.google.firebase:firebase-installations:17.1.3] AndroidManifest.xml:19:17-82
161            <meta-data
161-->[com.google.firebase:firebase-datatransport:18.1.7] AndroidManifest.xml:27:13-29:85
162                android:name="com.google.firebase.components:com.google.firebase.datatransport.TransportRegistrar"
162-->[com.google.firebase:firebase-datatransport:18.1.7] AndroidManifest.xml:28:17-115
163                android:value="com.google.firebase.components.ComponentRegistrar" />
163-->[com.google.firebase:firebase-datatransport:18.1.7] AndroidManifest.xml:29:17-82
164        </service>
165        <service
165-->[:firebase_messaging] AndroidManifest.xml:16:9-19:72
166            android:name="io.flutter.plugins.firebase.messaging.FlutterFirebaseMessagingBackgroundService"
166-->[:firebase_messaging] AndroidManifest.xml:17:13-107
167            android:exported="false"
167-->[:firebase_messaging] AndroidManifest.xml:18:13-37
168            android:permission="android.permission.BIND_JOB_SERVICE" />
168-->[:firebase_messaging] AndroidManifest.xml:19:13-69
169        <service
169-->[:firebase_messaging] AndroidManifest.xml:20:9-26:19
170            android:name="io.flutter.plugins.firebase.messaging.FlutterFirebaseMessagingService"
170-->[:firebase_messaging] AndroidManifest.xml:21:13-97
171            android:exported="false" >
171-->[:firebase_messaging] AndroidManifest.xml:22:13-37
172            <intent-filter>
172-->[:firebase_messaging] AndroidManifest.xml:23:13-25:29
173                <action android:name="com.google.firebase.MESSAGING_EVENT" />
173-->[:firebase_messaging] AndroidManifest.xml:24:17-78
173-->[:firebase_messaging] AndroidManifest.xml:24:25-75
174            </intent-filter>
175        </service>
176
177        <receiver
177-->[:firebase_messaging] AndroidManifest.xml:28:9-35:20
178            android:name="io.flutter.plugins.firebase.messaging.FlutterFirebaseMessagingReceiver"
178-->[:firebase_messaging] AndroidManifest.xml:29:13-98
179            android:exported="true"
179-->[:firebase_messaging] AndroidManifest.xml:30:13-36
180            android:permission="com.google.android.c2dm.permission.SEND" >
180-->[:firebase_messaging] AndroidManifest.xml:31:13-73
181            <intent-filter>
181-->[:firebase_messaging] AndroidManifest.xml:32:13-34:29
182                <action android:name="com.google.android.c2dm.intent.RECEIVE" />
182-->[:firebase_messaging] AndroidManifest.xml:33:17-81
182-->[:firebase_messaging] AndroidManifest.xml:33:25-78
183            </intent-filter>
184        </receiver>
185
186        <provider
186-->[:firebase_messaging] AndroidManifest.xml:43:9-47:38
187            android:name="io.flutter.plugins.firebase.messaging.FlutterFirebaseMessagingInitProvider"
187-->[:firebase_messaging] AndroidManifest.xml:44:13-102
188            android:authorities="com.exfai.exfai.flutterfirebasemessaginginitprovider"
188-->[:firebase_messaging] AndroidManifest.xml:45:13-88
189            android:exported="false"
189-->[:firebase_messaging] AndroidManifest.xml:46:13-37
190            android:initOrder="99" />
190-->[:firebase_messaging] AndroidManifest.xml:47:13-35
191
192        <service
192-->[:geolocator_android] AndroidManifest.xml:12:9-16:56
193            android:name="com.baseflow.geolocator.GeolocatorLocationService"
193-->[:geolocator_android] AndroidManifest.xml:13:13-77
194            android:enabled="true"
194-->[:geolocator_android] AndroidManifest.xml:14:13-35
195            android:exported="false"
195-->[:geolocator_android] AndroidManifest.xml:15:13-37
196            android:foregroundServiceType="location" />
196-->[:geolocator_android] AndroidManifest.xml:16:13-53
197
198        <provider
198-->[:image_picker_android] AndroidManifest.xml:10:9-18:20
199            android:name="io.flutter.plugins.imagepicker.ImagePickerFileProvider"
199-->[:image_picker_android] AndroidManifest.xml:11:13-82
200            android:authorities="com.exfai.exfai.flutter.image_provider"
200-->[:image_picker_android] AndroidManifest.xml:12:13-74
201            android:exported="false"
201-->[:image_picker_android] AndroidManifest.xml:13:13-37
202            android:grantUriPermissions="true" >
202-->[:image_picker_android] AndroidManifest.xml:14:13-47
203            <meta-data
203-->[:image_picker_android] AndroidManifest.xml:15:13-17:75
204                android:name="android.support.FILE_PROVIDER_PATHS"
204-->[:image_picker_android] AndroidManifest.xml:16:17-67
205                android:resource="@xml/flutter_image_picker_file_paths" />
205-->[:image_picker_android] AndroidManifest.xml:17:17-72
206        </provider>
207
208        <receiver
208-->[:flutter_local_notifications] AndroidManifest.xml:16:9-18:40
209            android:name="com.dexterous.flutterlocalnotifications.ActionBroadcastReceiver"
209-->[:flutter_local_notifications] AndroidManifest.xml:17:13-91
210            android:exported="false" />
210-->[:flutter_local_notifications] AndroidManifest.xml:18:13-37
211        <receiver
211-->[:flutter_local_notifications] AndroidManifest.xml:19:9-21:40
212            android:name="com.dexterous.flutterlocalnotifications.ScheduledNotificationReceiver"
212-->[:flutter_local_notifications] AndroidManifest.xml:20:13-97
213            android:exported="false" />
213-->[:flutter_local_notifications] AndroidManifest.xml:21:13-37
214        <receiver
214-->[:flutter_local_notifications] AndroidManifest.xml:22:9-31:20
215            android:name="com.dexterous.flutterlocalnotifications.ScheduledNotificationBootReceiver"
215-->[:flutter_local_notifications] AndroidManifest.xml:23:13-101
216            android:exported="false" >
216-->[:flutter_local_notifications] AndroidManifest.xml:24:13-37
217            <intent-filter>
217-->[:flutter_local_notifications] AndroidManifest.xml:25:13-30:29
218                <action android:name="android.intent.action.BOOT_COMPLETED" />
218-->[:flutter_local_notifications] AndroidManifest.xml:26:17-79
218-->[:flutter_local_notifications] AndroidManifest.xml:26:25-76
219                <action android:name="android.intent.action.MY_PACKAGE_REPLACED" />
219-->[:flutter_local_notifications] AndroidManifest.xml:27:17-84
219-->[:flutter_local_notifications] AndroidManifest.xml:27:25-81
220                <action android:name="android.intent.action.QUICKBOOT_POWERON" />
220-->[:flutter_local_notifications] AndroidManifest.xml:28:17-82
220-->[:flutter_local_notifications] AndroidManifest.xml:28:25-79
221                <action android:name="com.htc.intent.action.QUICKBOOT_POWERON" />
221-->[:flutter_local_notifications] AndroidManifest.xml:29:17-82
221-->[:flutter_local_notifications] AndroidManifest.xml:29:25-79
222            </intent-filter>
223        </receiver>
224
225        <activity
225-->[:url_launcher_android] AndroidManifest.xml:10:9-13:74
226            android:name="io.flutter.plugins.urllauncher.WebViewActivity"
226-->[:url_launcher_android] AndroidManifest.xml:11:13-74
227            android:exported="false"
227-->[:url_launcher_android] AndroidManifest.xml:12:13-37
228            android:theme="@android:style/Theme.NoTitleBar.Fullscreen" /> <!-- 适配9.0的系统 -->
228-->[:url_launcher_android] AndroidManifest.xml:13:13-71
229        <uses-library
229-->[:image_pickers] AndroidManifest.xml:38:9-40:40
230            android:name="org.apache.http.legacy"
230-->[:image_pickers] AndroidManifest.xml:39:13-50
231            android:required="false" /> <!-- 适配9.0的系统 -->
231-->[:image_pickers] AndroidManifest.xml:40:13-37
232        <activity
232-->[:image_pickers] AndroidManifest.xml:42:9-44:49
233            android:name="com.leeson.image_pickers.activitys.PermissionActivity"
233-->[:image_pickers] AndroidManifest.xml:43:13-81
234            android:theme="@style/TransTheme" />
234-->[:image_pickers] AndroidManifest.xml:44:13-46
235        <activity
235-->[:image_pickers] AndroidManifest.xml:45:9-47:49
236            android:name="com.leeson.image_pickers.activitys.SelectPicsActivity"
236-->[:image_pickers] AndroidManifest.xml:46:13-81
237            android:theme="@style/TransTheme" />
237-->[:image_pickers] AndroidManifest.xml:47:13-46
238        <activity
238-->[:image_pickers] AndroidManifest.xml:48:9-51:47
239            android:name="com.leeson.image_pickers.activitys.PhotosActivity"
239-->[:image_pickers] AndroidManifest.xml:49:13-77
240            android:configChanges="orientation|screenSize"
240-->[:image_pickers] AndroidManifest.xml:50:13-59
241            android:theme="@style/AppTheme" />
241-->[:image_pickers] AndroidManifest.xml:51:13-44
242        <activity
242-->[:image_pickers] AndroidManifest.xml:52:9-55:47
243            android:name="com.leeson.image_pickers.activitys.VideoActivity"
243-->[:image_pickers] AndroidManifest.xml:53:13-76
244            android:configChanges="orientation|screenSize"
244-->[:image_pickers] AndroidManifest.xml:54:13-59
245            android:theme="@style/AppTheme" />
245-->[:image_pickers] AndroidManifest.xml:55:13-44
246
247        <provider
247-->[io.github.lucksiege:pictureselector:v3.10.9] AndroidManifest.xml:10:9-18:20
248            android:name="com.luck.picture.lib.basic.PictureFileProvider"
248-->[io.github.lucksiege:pictureselector:v3.10.9] AndroidManifest.xml:11:13-74
249            android:authorities="com.exfai.exfai.luckProvider"
249-->[io.github.lucksiege:pictureselector:v3.10.9] AndroidManifest.xml:12:13-64
250            android:exported="false"
250-->[io.github.lucksiege:pictureselector:v3.10.9] AndroidManifest.xml:13:13-37
251            android:grantUriPermissions="true" >
251-->[io.github.lucksiege:pictureselector:v3.10.9] AndroidManifest.xml:14:13-47
252            <meta-data
252-->[:image_picker_android] AndroidManifest.xml:15:13-17:75
253                android:name="android.support.FILE_PROVIDER_PATHS"
253-->[:image_picker_android] AndroidManifest.xml:16:17-67
254                android:resource="@xml/ps_file_paths" />
254-->[:image_picker_android] AndroidManifest.xml:17:17-72
255        </provider>
256
257        <service
257-->[io.github.lucksiege:pictureselector:v3.10.9] AndroidManifest.xml:20:9-23:56
258            android:name="com.luck.picture.lib.service.ForegroundService"
258-->[io.github.lucksiege:pictureselector:v3.10.9] AndroidManifest.xml:21:13-74
259            android:enabled="true"
259-->[io.github.lucksiege:pictureselector:v3.10.9] AndroidManifest.xml:22:13-35
260            android:foregroundServiceType="location" />
260-->[io.github.lucksiege:pictureselector:v3.10.9] AndroidManifest.xml:23:13-53
261
262        <activity
262-->[io.github.lucksiege:pictureselector:v3.10.9] AndroidManifest.xml:25:9-29:20
263            android:name="com.luck.picture.lib.basic.PictureSelectorSupporterActivity"
263-->[io.github.lucksiege:pictureselector:v3.10.9] AndroidManifest.xml:26:13-87
264            android:configChanges="orientation|keyboardHidden|screenSize"
264-->[io.github.lucksiege:pictureselector:v3.10.9] AndroidManifest.xml:27:13-74
265            android:theme="@style/Base.Theme.NoActionBar" >
265-->[io.github.lucksiege:pictureselector:v3.10.9] AndroidManifest.xml:28:13-58
266        </activity>
267        <activity
267-->[io.github.lucksiege:pictureselector:v3.10.9] AndroidManifest.xml:30:9-34:20
268            android:name="com.luck.picture.lib.basic.PictureSelectorTransparentActivity"
268-->[io.github.lucksiege:pictureselector:v3.10.9] AndroidManifest.xml:31:13-89
269            android:configChanges="orientation|keyboardHidden|screenSize"
269-->[io.github.lucksiege:pictureselector:v3.10.9] AndroidManifest.xml:32:13-74
270            android:theme="@style/Picture.Theme.Translucent" >
270-->[io.github.lucksiege:pictureselector:v3.10.9] AndroidManifest.xml:33:13-61
271        </activity>
272        <activity
272-->[io.github.lucksiege:ucrop:v3.10.9] AndroidManifest.xml:10:9-14:72
273            android:name="com.yalantis.ucrop.UCropActivity"
273-->[io.github.lucksiege:ucrop:v3.10.9] AndroidManifest.xml:11:13-60
274            android:configChanges="orientation|keyboardHidden|screenSize"
274-->[io.github.lucksiege:ucrop:v3.10.9] AndroidManifest.xml:12:13-74
275            android:screenOrientation="portrait"
275-->[io.github.lucksiege:ucrop:v3.10.9] AndroidManifest.xml:13:13-49
276            android:theme="@style/Theme.AppCompat.Light.NoActionBar" />
276-->[io.github.lucksiege:ucrop:v3.10.9] AndroidManifest.xml:14:13-69
277        <activity
277-->[io.github.lucksiege:ucrop:v3.10.9] AndroidManifest.xml:15:9-19:72
278            android:name="com.yalantis.ucrop.UCropMultipleActivity"
278-->[io.github.lucksiege:ucrop:v3.10.9] AndroidManifest.xml:16:13-68
279            android:configChanges="orientation|keyboardHidden|screenSize"
279-->[io.github.lucksiege:ucrop:v3.10.9] AndroidManifest.xml:17:13-74
280            android:screenOrientation="portrait"
280-->[io.github.lucksiege:ucrop:v3.10.9] AndroidManifest.xml:18:13-49